<?xml version="1.0" encoding="UTF-8"?>
<!-- Generated by org.testng.reporters.JUnitReportReporter -->
<testsuite hostname="Nurs-MacBook-Pro.local" failures="0" tests="4" name="ui.GroupDemoTest2" time="0.009" errors="0" timestamp="2022-12-18T17:28:11 EST" skipped="0">
  <testcase classname="ui.GroupDemoTest2" name="aTest1" time="0.006"/>
  <system-out/>
  <testcase classname="ui.GroupDemoTest2" name="aTest2" time="0.001"/>
  <system-out/>
  <testcase classname="ui.GroupDemoTest2" name="bTest1" time="0.001"/>
  <system-out/>
  <testcase classname="ui.GroupDemoTest2" name="bTest2" time="0.001"/>
  <system-out/>
</testsuite> <!-- ui.GroupDemoTest2 -->
