<?xml version="1.0" encoding="UTF-8"?>
<!-- Generated by org.testng.reporters.JUnitReportReporter -->
<testsuite hostname="Nurs-MacBook-Pro.local" failures="0" tests="4" name="ui.DataProviderDemoTest" time="5.950" errors="0" timestamp="2022-12-08T14:23:52 EST" skipped="0">
  <testcase classname="ui.DataProviderDemoTest" name="test" time="1.806"/>
  <system-out/>
  <testcase classname="ui.DataProviderDemoTest" name="test" time="1.308"/>
  <system-out/>
  <testcase classname="ui.DataProviderDemoTest" name="test" time="1.493"/>
  <system-out/>
  <testcase classname="ui.DataProviderDemoTest" name="test" time="1.343"/>
  <system-out/>
</testsuite> <!-- ui.DataProviderDemoTest -->
