<?xml version="1.0" encoding="UTF-8"?>
<!-- Generated by org.testng.reporters.JUnitReportReporter -->
<testsuite hostname="Nurs-MacBook-Pro.local" failures="0" tests="8" name="ui.ExternalDataProvider" time="6.292" errors="0" timestamp="2022-12-08T14:48:33 EST" skipped="0">
  <testcase classname="ui.ExternalDataProvider" name="test" time="2.188"/>
  <system-out/>
  <testcase classname="ui.ExternalDataProvider" name="test" time="1.410"/>
  <system-out/>
  <testcase classname="ui.ExternalDataProvider" name="test" time="1.355"/>
  <system-out/>
  <testcase classname="ui.ExternalDataProvider" name="test1" time="0.003"/>
  <system-out/>
  <testcase classname="ui.ExternalDataProvider" name="test1" time="0.000"/>
  <system-out/>
  <testcase classname="ui.ExternalDataProvider" name="test" time="1.335"/>
  <system-out/>
  <testcase classname="ui.ExternalDataProvider" name="test1" time="0.000"/>
  <system-out/>
  <testcase classname="ui.ExternalDataProvider" name="test1" time="0.001"/>
  <system-out/>
</testsuite> <!-- ui.ExternalDataProvider -->
