<?xml version="1.0" encoding="UTF-8"?>
<!-- Generated by org.testng.reporters.JUnitReportReporter -->
<testsuite hostname="Nurs-MacBook-Pro.local" failures="0" tests="1" name="ui.VerifyTitleTest" time="2.331" errors="0" timestamp="2022-12-07T15:45:30 EST" skipped="0">
  <testcase classname="ui.VerifyTitleTest" name="titleTest" time="2.331"/>
  <system-out/>
</testsuite> <!-- ui.VerifyTitleTest -->
