<?xml version="1.0" encoding="UTF-8"?>
<!-- Generated by org.testng.reporters.JUnitReportReporter -->
<testsuite hostname="Nurs-MacBook-Pro.local" failures="0" tests="3" name="ui.GroupDemoTest" time="0.003" errors="0" timestamp="2022-12-07T17:37:16 EST" skipped="0">
  <testcase classname="ui.GroupDemoTest" name="aTest1" time="0.003"/>
  <system-out/>
  <testcase classname="ui.GroupDemoTest" name="aTest2" time="0.000"/>
  <system-out/>
  <testcase classname="ui.GroupDemoTest" name="bTest1" time="0.000"/>
  <system-out/>
</testsuite> <!-- ui.GroupDemoTest -->
